14:04:17:323 [main]INFO  com.StepDefinition.StepDef -Launching Browser
14:04:22:470 [main]INFO  com.StepDefinition.StepDef -Opening URL
14:04:33:583 [main]INFO  com.StepDefinition.StepDef -Entering the credentials
14:04:33:821 [main]INFO  com.StepDefinition.StepDef -Clicked login button
14:04:35:160 [main]INFO  com.StepDefinition.StepDef -Validation
14:04:35:181 [main]INFO  com.StepDefinition.StepDef -Clicked logout button
14:04:38:366 [main]INFO  com.StepDefinition.StepDef -Validation
14:04:38:397 [main]INFO  com.StepDefinition.StepDef -Closing the browser
14:04:40:821 [main]INFO  com.StepDefinition.StepDef -Failed
14:04:47:612 [main]INFO  com.StepDefinition.StepDef -Launching Browser
14:04:52:300 [main]INFO  com.StepDefinition.StepDef -Opening URL
14:04:04:378 [main]INFO  com.StepDefinition.StepDef -Entering the credentials
14:04:04:661 [main]INFO  com.StepDefinition.StepDef -Clicked login button
14:04:04:789 [main]INFO  com.StepDefinition.StepDef -Validation
14:04:06:31 [main]INFO  com.StepDefinition.StepDef -Clicked logout button
14:04:09:397 [main]INFO  com.StepDefinition.StepDef -Validation
14:04:09:430 [main]INFO  com.StepDefinition.StepDef -Closing the browser
14:04:11:636 [main]INFO  com.StepDefinition.StepDef -Failed
14:04:06:991 [main]INFO  com.StepDefinition.StepDef -Launching Browser
14:04:11:244 [main]INFO  com.StepDefinition.StepDef -Opening URL
14:04:21:104 [main]INFO  com.StepDefinition.StepDef -Entering the credentials
14:04:21:338 [main]INFO  com.StepDefinition.StepDef -Clicked login button
14:04:22:652 [main]INFO  com.StepDefinition.StepDef -Validation
14:04:22:671 [main]INFO  com.StepDefinition.StepDef -Clicked logout button
14:04:26:121 [main]INFO  com.StepDefinition.StepDef -Validation
14:04:26:148 [main]INFO  com.StepDefinition.StepDef -Closing the browser
